<?xml version="1.0" encoding="UTF-8"?>
<testng-results skipped="0" failed="0" total="1" passed="1">
  <reporter-output>
  </reporter-output>
  <suite name="Default suite" duration-ms="498" started-at="2016-12-10T22:39:35Z" finished-at="2016-12-10T22:39:36Z">
    <groups>
    </groups>
    <test name="Default test" duration-ms="498" started-at="2016-12-10T22:39:35Z" finished-at="2016-12-10T22:39:36Z">
      <class name="sb.SquareTestInstrumented">
        <test-method status="PASS" signature="createSquare()[pri:0, instance:sb.SquareTestInstrumented@6d8a00e3]" name="createSquare" is-config="true" duration-ms="416" started-at="2016-12-10T22:39:35Z" finished-at="2016-12-10T22:39:36Z">
          <reporter-output>
          </reporter-output>
        </test-method> <!-- createSquare -->
        <test-method status="PASS" signature="test1()[pri:0, instance:sb.SquareTestInstrumented@6d8a00e3]" name="test1" duration-ms="14" started-at="2016-12-10T22:39:36Z" finished-at="2016-12-10T22:39:36Z">
          <reporter-output>
          </reporter-output>
        </test-method> <!-- test1 -->
      </class> <!-- sb.SquareTestInstrumented -->
    </test> <!-- Default test -->
  </suite> <!-- Default suite -->
</testng-results>
